ERROR - 2023-07-25 14:37:48 --> Error connecting to the database: mysqli_sql_exception: Access denied for user ''@'localhost' (using password: NO) in C:\Users\USER ID\OneDrive\Desktop\BAB5WEB\system\Database\MySQLi\Connection.php:173
Stack trace:
#0 C:\Users\USER ID\OneDrive\Desktop\BAB5WEB\system\Database\MySQLi\Connection.php(173): mysqli->real_connect('localhost', '', Object(SensitiveParameterValue), '', 3306, '', 0)
#1 C:\Users\USER ID\OneDrive\Desktop\BAB5WEB\system\Database\BaseConnection.php(391): CodeIgniter\Database\MySQLi\Connection->connect(false)
#2 C:\Users\USER ID\OneDrive\Desktop\BAB5WEB\system\Database\BaseConnection.php(574): CodeIgniter\Database\BaseConnection->initialize()
#3 C:\Users\USER ID\OneDrive\Desktop\BAB5WEB\system\Database\BaseBuilder.php(2309): CodeIgniter\Database\BaseConnection->query('INSERT INTO `tb...', Array, false)
#4 C:\Users\USER ID\OneDrive\Desktop\BAB5WEB\system\Model.php(330): CodeIgniter\Database\BaseBuilder->insert()
#5 C:\Users\USER ID\OneDrive\Desktop\BAB5WEB\system\BaseModel.php(782): CodeIgniter\Model->doInsert(Array)
#6 C:\Users\USER ID\OneDrive\Desktop\BAB5WEB\system\Model.php(730): CodeIgniter\BaseModel->insert(Array, true)
#7 C:\Users\USER ID\OneDrive\Desktop\BAB5WEB\app\Controllers\Crud.php(27): CodeIgniter\Model->insert(Array)
#8 C:\Users\USER ID\OneDrive\Desktop\BAB5WEB\system\CodeIgniter.php(934): App\Controllers\Crud->tambah()
#9 C:\Users\USER ID\OneDrive\Desktop\BAB5WEB\system\CodeIgniter.php(499): CodeIgniter\CodeIgniter->runController(Object(App\Controllers\Crud))
#10 C:\Users\USER ID\OneDrive\Desktop\BAB5WEB\system\CodeIgniter.php(368): CodeIgniter\CodeIgniter->handleRequest(NULL, Object(Config\Cache), false)
#11 C:\Users\USER ID\OneDrive\Desktop\BAB5WEB\public\index.php(67): CodeIgniter\CodeIgniter->run()
#12 C:\Users\USER ID\OneDrive\Desktop\BAB5WEB\system\Commands\Server\rewrite.php(47): require_once('C:\\Users\\USER I...')
#13 {main}

Next CodeIgniter\Database\Exceptions\DatabaseException: Access denied for user ''@'localhost' (using password: NO) in C:\Users\USER ID\OneDrive\Desktop\BAB5WEB\system\Database\MySQLi\Connection.php:218
Stack trace:
#0 C:\Users\USER ID\OneDrive\Desktop\BAB5WEB\system\Database\BaseConnection.php(391): CodeIgniter\Database\MySQLi\Connection->connect(false)
#1 C:\Users\USER ID\OneDrive\Desktop\BAB5WEB\system\Database\BaseConnection.php(574): CodeIgniter\Database\BaseConnection->initialize()
#2 C:\Users\USER ID\OneDrive\Desktop\BAB5WEB\system\Database\BaseBuilder.php(2309): CodeIgniter\Database\BaseConnection->query('INSERT INTO `tb...', Array, false)
#3 C:\Users\USER ID\OneDrive\Desktop\BAB5WEB\system\Model.php(330): CodeIgniter\Database\BaseBuilder->insert()
#4 C:\Users\USER ID\OneDrive\Desktop\BAB5WEB\system\BaseModel.php(782): CodeIgniter\Model->doInsert(Array)
#5 C:\Users\USER ID\OneDrive\Desktop\BAB5WEB\system\Model.php(730): CodeIgniter\BaseModel->insert(Array, true)
#6 C:\Users\USER ID\OneDrive\Desktop\BAB5WEB\app\Controllers\Crud.php(27): CodeIgniter\Model->insert(Array)
#7 C:\Users\USER ID\OneDrive\Desktop\BAB5WEB\system\CodeIgniter.php(934): App\Controllers\Crud->tambah()
#8 C:\Users\USER ID\OneDrive\Desktop\BAB5WEB\system\CodeIgniter.php(499): CodeIgniter\CodeIgniter->runController(Object(App\Controllers\Crud))
#9 C:\Users\USER ID\OneDrive\Desktop\BAB5WEB\system\CodeIgniter.php(368): CodeIgniter\CodeIgniter->handleRequest(NULL, Object(Config\Cache), false)
#10 C:\Users\USER ID\OneDrive\Desktop\BAB5WEB\public\index.php(67): CodeIgniter\CodeIgniter->run()
#11 C:\Users\USER ID\OneDrive\Desktop\BAB5WEB\system\Commands\Server\rewrite.php(47): require_once('C:\\Users\\USER I...')
#12 {main}
CRITICAL - 2023-07-25 14:37:48 --> Unable to connect to the database.
Main connection [MySQLi]: Access denied for user ''@'localhost' (using password: NO)
in SYSTEMPATH\Database\BaseConnection.php on line 427.
 1 SYSTEMPATH\Database\BaseConnection.php(574): CodeIgniter\Database\BaseConnection->initialize()
 2 SYSTEMPATH\Database\BaseBuilder.php(2309): CodeIgniter\Database\BaseConnection->query('INSERT INTO `tb_mahasiswa` (`nim`) VALUES (:nim:)', [...], false)
 3 SYSTEMPATH\Model.php(330): CodeIgniter\Database\BaseBuilder->insert()
 4 SYSTEMPATH\BaseModel.php(782): CodeIgniter\Model->doInsert([...])
 5 SYSTEMPATH\Model.php(730): CodeIgniter\BaseModel->insert([...], true)
 6 APPPATH\Controllers\Crud.php(27): CodeIgniter\Model->insert([...])
 7 SYSTEMPATH\CodeIgniter.php(934): App\Controllers\Crud->tambah()
 8 SYSTEMPATH\CodeIgniter.php(499): CodeIgniter\CodeIgniter->runController(Object(App\Controllers\Crud))
 9 SYSTEMPATH\CodeIgniter.php(368): CodeIgniter\CodeIgniter->handleRequest(null, Object(Config\Cache), false)
10 FCPATH\index.php(67): CodeIgniter\CodeIgniter->run()
11 SYSTEMPATH\Commands\Server\rewrite.php(47): require_once('C:\\Users\\USER ID\\OneDrive\\Desktop\\BAB5WEB\\public\\index.php')
ERROR - 2023-07-25 14:43:50 --> Error connecting to the database: mysqli_sql_exception: Access denied for user ''@'localhost' (using password: NO) in C:\Users\USER ID\OneDrive\Desktop\BAB5WEB\system\Database\MySQLi\Connection.php:173
Stack trace:
#0 C:\Users\USER ID\OneDrive\Desktop\BAB5WEB\system\Database\MySQLi\Connection.php(173): mysqli->real_connect('localhost', '', Object(SensitiveParameterValue), '', 3306, '', 0)
#1 C:\Users\USER ID\OneDrive\Desktop\BAB5WEB\system\Database\BaseConnection.php(391): CodeIgniter\Database\MySQLi\Connection->connect(false)
#2 C:\Users\USER ID\OneDrive\Desktop\BAB5WEB\system\Database\BaseConnection.php(574): CodeIgniter\Database\BaseConnection->initialize()
#3 C:\Users\USER ID\OneDrive\Desktop\BAB5WEB\system\Database\BaseBuilder.php(2309): CodeIgniter\Database\BaseConnection->query('INSERT INTO `tb...', Array, false)
#4 C:\Users\USER ID\OneDrive\Desktop\BAB5WEB\system\Model.php(330): CodeIgniter\Database\BaseBuilder->insert()
#5 C:\Users\USER ID\OneDrive\Desktop\BAB5WEB\system\BaseModel.php(782): CodeIgniter\Model->doInsert(Array)
#6 C:\Users\USER ID\OneDrive\Desktop\BAB5WEB\system\Model.php(730): CodeIgniter\BaseModel->insert(Array, true)
#7 C:\Users\USER ID\OneDrive\Desktop\BAB5WEB\app\Controllers\Crud.php(27): CodeIgniter\Model->insert(Array)
#8 C:\Users\USER ID\OneDrive\Desktop\BAB5WEB\system\CodeIgniter.php(934): App\Controllers\Crud->tambah()
#9 C:\Users\USER ID\OneDrive\Desktop\BAB5WEB\system\CodeIgniter.php(499): CodeIgniter\CodeIgniter->runController(Object(App\Controllers\Crud))
#10 C:\Users\USER ID\OneDrive\Desktop\BAB5WEB\system\CodeIgniter.php(368): CodeIgniter\CodeIgniter->handleRequest(NULL, Object(Config\Cache), false)
#11 C:\Users\USER ID\OneDrive\Desktop\BAB5WEB\public\index.php(67): CodeIgniter\CodeIgniter->run()
#12 C:\Users\USER ID\OneDrive\Desktop\BAB5WEB\system\Commands\Server\rewrite.php(47): require_once('C:\\Users\\USER I...')
#13 {main}

Next CodeIgniter\Database\Exceptions\DatabaseException: Access denied for user ''@'localhost' (using password: NO) in C:\Users\USER ID\OneDrive\Desktop\BAB5WEB\system\Database\MySQLi\Connection.php:218
Stack trace:
#0 C:\Users\USER ID\OneDrive\Desktop\BAB5WEB\system\Database\BaseConnection.php(391): CodeIgniter\Database\MySQLi\Connection->connect(false)
#1 C:\Users\USER ID\OneDrive\Desktop\BAB5WEB\system\Database\BaseConnection.php(574): CodeIgniter\Database\BaseConnection->initialize()
#2 C:\Users\USER ID\OneDrive\Desktop\BAB5WEB\system\Database\BaseBuilder.php(2309): CodeIgniter\Database\BaseConnection->query('INSERT INTO `tb...', Array, false)
#3 C:\Users\USER ID\OneDrive\Desktop\BAB5WEB\system\Model.php(330): CodeIgniter\Database\BaseBuilder->insert()
#4 C:\Users\USER ID\OneDrive\Desktop\BAB5WEB\system\BaseModel.php(782): CodeIgniter\Model->doInsert(Array)
#5 C:\Users\USER ID\OneDrive\Desktop\BAB5WEB\system\Model.php(730): CodeIgniter\BaseModel->insert(Array, true)
#6 C:\Users\USER ID\OneDrive\Desktop\BAB5WEB\app\Controllers\Crud.php(27): CodeIgniter\Model->insert(Array)
#7 C:\Users\USER ID\OneDrive\Desktop\BAB5WEB\system\CodeIgniter.php(934): App\Controllers\Crud->tambah()
#8 C:\Users\USER ID\OneDrive\Desktop\BAB5WEB\system\CodeIgniter.php(499): CodeIgniter\CodeIgniter->runController(Object(App\Controllers\Crud))
#9 C:\Users\USER ID\OneDrive\Desktop\BAB5WEB\system\CodeIgniter.php(368): CodeIgniter\CodeIgniter->handleRequest(NULL, Object(Config\Cache), false)
#10 C:\Users\USER ID\OneDrive\Desktop\BAB5WEB\public\index.php(67): CodeIgniter\CodeIgniter->run()
#11 C:\Users\USER ID\OneDrive\Desktop\BAB5WEB\system\Commands\Server\rewrite.php(47): require_once('C:\\Users\\USER I...')
#12 {main}
CRITICAL - 2023-07-25 14:43:50 --> Unable to connect to the database.
Main connection [MySQLi]: Access denied for user ''@'localhost' (using password: NO)
in SYSTEMPATH\Database\BaseConnection.php on line 427.
 1 SYSTEMPATH\Database\BaseConnection.php(574): CodeIgniter\Database\BaseConnection->initialize()
 2 SYSTEMPATH\Database\BaseBuilder.php(2309): CodeIgniter\Database\BaseConnection->query('INSERT INTO `tb_mahasiswa` (`nim`) VALUES (:nim:)', [...], false)
 3 SYSTEMPATH\Model.php(330): CodeIgniter\Database\BaseBuilder->insert()
 4 SYSTEMPATH\BaseModel.php(782): CodeIgniter\Model->doInsert([...])
 5 SYSTEMPATH\Model.php(730): CodeIgniter\BaseModel->insert([...], true)
 6 APPPATH\Controllers\Crud.php(27): CodeIgniter\Model->insert([...])
 7 SYSTEMPATH\CodeIgniter.php(934): App\Controllers\Crud->tambah()
 8 SYSTEMPATH\CodeIgniter.php(499): CodeIgniter\CodeIgniter->runController(Object(App\Controllers\Crud))
 9 SYSTEMPATH\CodeIgniter.php(368): CodeIgniter\CodeIgniter->handleRequest(null, Object(Config\Cache), false)
10 FCPATH\index.php(67): CodeIgniter\CodeIgniter->run()
11 SYSTEMPATH\Commands\Server\rewrite.php(47): require_once('C:\\Users\\USER ID\\OneDrive\\Desktop\\BAB5WEB\\public\\index.php')
ERROR - 2023-07-25 14:43:56 --> Error connecting to the database: mysqli_sql_exception: Access denied for user ''@'localhost' (using password: NO) in C:\Users\USER ID\OneDrive\Desktop\BAB5WEB\system\Database\MySQLi\Connection.php:173
Stack trace:
#0 C:\Users\USER ID\OneDrive\Desktop\BAB5WEB\system\Database\MySQLi\Connection.php(173): mysqli->real_connect('localhost', '', Object(SensitiveParameterValue), '', 3306, '', 0)
#1 C:\Users\USER ID\OneDrive\Desktop\BAB5WEB\system\Database\BaseConnection.php(391): CodeIgniter\Database\MySQLi\Connection->connect(false)
#2 C:\Users\USER ID\OneDrive\Desktop\BAB5WEB\system\Database\BaseConnection.php(574): CodeIgniter\Database\BaseConnection->initialize()
#3 C:\Users\USER ID\OneDrive\Desktop\BAB5WEB\system\Database\BaseBuilder.php(2309): CodeIgniter\Database\BaseConnection->query('INSERT INTO `tb...', Array, false)
#4 C:\Users\USER ID\OneDrive\Desktop\BAB5WEB\system\Model.php(330): CodeIgniter\Database\BaseBuilder->insert()
#5 C:\Users\USER ID\OneDrive\Desktop\BAB5WEB\system\BaseModel.php(782): CodeIgniter\Model->doInsert(Array)
#6 C:\Users\USER ID\OneDrive\Desktop\BAB5WEB\system\Model.php(730): CodeIgniter\BaseModel->insert(Array, true)
#7 C:\Users\USER ID\OneDrive\Desktop\BAB5WEB\app\Controllers\Crud.php(27): CodeIgniter\Model->insert(Array)
#8 C:\Users\USER ID\OneDrive\Desktop\BAB5WEB\system\CodeIgniter.php(934): App\Controllers\Crud->tambah()
#9 C:\Users\USER ID\OneDrive\Desktop\BAB5WEB\system\CodeIgniter.php(499): CodeIgniter\CodeIgniter->runController(Object(App\Controllers\Crud))
#10 C:\Users\USER ID\OneDrive\Desktop\BAB5WEB\system\CodeIgniter.php(368): CodeIgniter\CodeIgniter->handleRequest(NULL, Object(Config\Cache), false)
#11 C:\Users\USER ID\OneDrive\Desktop\BAB5WEB\public\index.php(67): CodeIgniter\CodeIgniter->run()
#12 C:\Users\USER ID\OneDrive\Desktop\BAB5WEB\system\Commands\Server\rewrite.php(47): require_once('C:\\Users\\USER I...')
#13 {main}

Next CodeIgniter\Database\Exceptions\DatabaseException: Access denied for user ''@'localhost' (using password: NO) in C:\Users\USER ID\OneDrive\Desktop\BAB5WEB\system\Database\MySQLi\Connection.php:218
Stack trace:
#0 C:\Users\USER ID\OneDrive\Desktop\BAB5WEB\system\Database\BaseConnection.php(391): CodeIgniter\Database\MySQLi\Connection->connect(false)
#1 C:\Users\USER ID\OneDrive\Desktop\BAB5WEB\system\Database\BaseConnection.php(574): CodeIgniter\Database\BaseConnection->initialize()
#2 C:\Users\USER ID\OneDrive\Desktop\BAB5WEB\system\Database\BaseBuilder.php(2309): CodeIgniter\Database\BaseConnection->query('INSERT INTO `tb...', Array, false)
#3 C:\Users\USER ID\OneDrive\Desktop\BAB5WEB\system\Model.php(330): CodeIgniter\Database\BaseBuilder->insert()
#4 C:\Users\USER ID\OneDrive\Desktop\BAB5WEB\system\BaseModel.php(782): CodeIgniter\Model->doInsert(Array)
#5 C:\Users\USER ID\OneDrive\Desktop\BAB5WEB\system\Model.php(730): CodeIgniter\BaseModel->insert(Array, true)
#6 C:\Users\USER ID\OneDrive\Desktop\BAB5WEB\app\Controllers\Crud.php(27): CodeIgniter\Model->insert(Array)
#7 C:\Users\USER ID\OneDrive\Desktop\BAB5WEB\system\CodeIgniter.php(934): App\Controllers\Crud->tambah()
#8 C:\Users\USER ID\OneDrive\Desktop\BAB5WEB\system\CodeIgniter.php(499): CodeIgniter\CodeIgniter->runController(Object(App\Controllers\Crud))
#9 C:\Users\USER ID\OneDrive\Desktop\BAB5WEB\system\CodeIgniter.php(368): CodeIgniter\CodeIgniter->handleRequest(NULL, Object(Config\Cache), false)
#10 C:\Users\USER ID\OneDrive\Desktop\BAB5WEB\public\index.php(67): CodeIgniter\CodeIgniter->run()
#11 C:\Users\USER ID\OneDrive\Desktop\BAB5WEB\system\Commands\Server\rewrite.php(47): require_once('C:\\Users\\USER I...')
#12 {main}
CRITICAL - 2023-07-25 14:43:56 --> Unable to connect to the database.
Main connection [MySQLi]: Access denied for user ''@'localhost' (using password: NO)
in SYSTEMPATH\Database\BaseConnection.php on line 427.
 1 SYSTEMPATH\Database\BaseConnection.php(574): CodeIgniter\Database\BaseConnection->initialize()
 2 SYSTEMPATH\Database\BaseBuilder.php(2309): CodeIgniter\Database\BaseConnection->query('INSERT INTO `tb_mahasiswa` (`nim`) VALUES (:nim:)', [...], false)
 3 SYSTEMPATH\Model.php(330): CodeIgniter\Database\BaseBuilder->insert()
 4 SYSTEMPATH\BaseModel.php(782): CodeIgniter\Model->doInsert([...])
 5 SYSTEMPATH\Model.php(730): CodeIgniter\BaseModel->insert([...], true)
 6 APPPATH\Controllers\Crud.php(27): CodeIgniter\Model->insert([...])
 7 SYSTEMPATH\CodeIgniter.php(934): App\Controllers\Crud->tambah()
 8 SYSTEMPATH\CodeIgniter.php(499): CodeIgniter\CodeIgniter->runController(Object(App\Controllers\Crud))
 9 SYSTEMPATH\CodeIgniter.php(368): CodeIgniter\CodeIgniter->handleRequest(null, Object(Config\Cache), false)
10 FCPATH\index.php(67): CodeIgniter\CodeIgniter->run()
11 SYSTEMPATH\Commands\Server\rewrite.php(47): require_once('C:\\Users\\USER ID\\OneDrive\\Desktop\\BAB5WEB\\public\\index.php')
