ERROR - 2023-07-26 02:41:33 --> Error connecting to the database: mysqli_sql_exception: No connection could be made because the target machine actively refused it in C:\Users\USER ID\OneDrive\Desktop\BAB5WEB\system\Database\MySQLi\Connection.php:173
Stack trace:
#0 C:\Users\USER ID\OneDrive\Desktop\BAB5WEB\system\Database\MySQLi\Connection.php(173): mysqli->real_connect('localhost', 'root', Object(SensitiveParameterValue), 'db_kampus', 3306, '', 0)
#1 C:\Users\USER ID\OneDrive\Desktop\BAB5WEB\system\Database\BaseConnection.php(391): CodeIgniter\Database\MySQLi\Connection->connect(false)
#2 C:\Users\USER ID\OneDrive\Desktop\BAB5WEB\system\Database\BaseConnection.php(574): CodeIgniter\Database\BaseConnection->initialize()
#3 C:\Users\USER ID\OneDrive\Desktop\BAB5WEB\system\Database\BaseBuilder.php(1616): CodeIgniter\Database\BaseConnection->query('SELECT *\nFROM `...', Array, false)
#4 C:\Users\USER ID\OneDrive\Desktop\BAB5WEB\system\Model.php(241): CodeIgniter\Database\BaseBuilder->get()
#5 C:\Users\USER ID\OneDrive\Desktop\BAB5WEB\system\BaseModel.php(618): CodeIgniter\Model->doFindAll(0, 0)
#6 C:\Users\USER ID\OneDrive\Desktop\BAB5WEB\app\Controllers\Crud.php(14): CodeIgniter\BaseModel->findAll()
#7 C:\Users\USER ID\OneDrive\Desktop\BAB5WEB\system\CodeIgniter.php(934): App\Controllers\Crud->index()
#8 C:\Users\USER ID\OneDrive\Desktop\BAB5WEB\system\CodeIgniter.php(499): CodeIgniter\CodeIgniter->runController(Object(App\Controllers\Crud))
#9 C:\Users\USER ID\OneDrive\Desktop\BAB5WEB\system\CodeIgniter.php(368): CodeIgniter\CodeIgniter->handleRequest(NULL, Object(Config\Cache), false)
#10 C:\Users\USER ID\OneDrive\Desktop\BAB5WEB\public\index.php(67): CodeIgniter\CodeIgniter->run()
#11 C:\Users\USER ID\OneDrive\Desktop\BAB5WEB\system\Commands\Server\rewrite.php(47): require_once('C:\\Users\\USER I...')
#12 {main}

Next CodeIgniter\Database\Exceptions\DatabaseException: No connection could be made because the target machine actively refused it in C:\Users\USER ID\OneDrive\Desktop\BAB5WEB\system\Database\MySQLi\Connection.php:218
Stack trace:
#0 C:\Users\USER ID\OneDrive\Desktop\BAB5WEB\system\Database\BaseConnection.php(391): CodeIgniter\Database\MySQLi\Connection->connect(false)
#1 C:\Users\USER ID\OneDrive\Desktop\BAB5WEB\system\Database\BaseConnection.php(574): CodeIgniter\Database\BaseConnection->initialize()
#2 C:\Users\USER ID\OneDrive\Desktop\BAB5WEB\system\Database\BaseBuilder.php(1616): CodeIgniter\Database\BaseConnection->query('SELECT *\nFROM `...', Array, false)
#3 C:\Users\USER ID\OneDrive\Desktop\BAB5WEB\system\Model.php(241): CodeIgniter\Database\BaseBuilder->get()
#4 C:\Users\USER ID\OneDrive\Desktop\BAB5WEB\system\BaseModel.php(618): CodeIgniter\Model->doFindAll(0, 0)
#5 C:\Users\USER ID\OneDrive\Desktop\BAB5WEB\app\Controllers\Crud.php(14): CodeIgniter\BaseModel->findAll()
#6 C:\Users\USER ID\OneDrive\Desktop\BAB5WEB\system\CodeIgniter.php(934): App\Controllers\Crud->index()
#7 C:\Users\USER ID\OneDrive\Desktop\BAB5WEB\system\CodeIgniter.php(499): CodeIgniter\CodeIgniter->runController(Object(App\Controllers\Crud))
#8 C:\Users\USER ID\OneDrive\Desktop\BAB5WEB\system\CodeIgniter.php(368): CodeIgniter\CodeIgniter->handleRequest(NULL, Object(Config\Cache), false)
#9 C:\Users\USER ID\OneDrive\Desktop\BAB5WEB\public\index.php(67): CodeIgniter\CodeIgniter->run()
#10 C:\Users\USER ID\OneDrive\Desktop\BAB5WEB\system\Commands\Server\rewrite.php(47): require_once('C:\\Users\\USER I...')
#11 {main}
CRITICAL - 2023-07-26 02:41:33 --> Unable to connect to the database.
Main connection [MySQLi]: No connection could be made because the target machine actively refused it
in SYSTEMPATH\Database\BaseConnection.php on line 427.
 1 SYSTEMPATH\Database\BaseConnection.php(574): CodeIgniter\Database\BaseConnection->initialize()
 2 SYSTEMPATH\Database\BaseBuilder.php(1616): CodeIgniter\Database\BaseConnection->query('SELECT *
FROM `tb_mahasiswa`', [], false)
 3 SYSTEMPATH\Model.php(241): CodeIgniter\Database\BaseBuilder->get()
 4 SYSTEMPATH\BaseModel.php(618): CodeIgniter\Model->doFindAll(0, 0)
 5 APPPATH\Controllers\Crud.php(14): CodeIgniter\BaseModel->findAll()
 6 SYSTEMPATH\CodeIgniter.php(934): App\Controllers\Crud->index()
 7 SYSTEMPATH\CodeIgniter.php(499): CodeIgniter\CodeIgniter->runController(Object(App\Controllers\Crud))
 8 SYSTEMPATH\CodeIgniter.php(368): CodeIgniter\CodeIgniter->handleRequest(null, Object(Config\Cache), false)
 9 FCPATH\index.php(67): CodeIgniter\CodeIgniter->run()
10 SYSTEMPATH\Commands\Server\rewrite.php(47): require_once('C:\\Users\\USER ID\\OneDrive\\Desktop\\BAB5WEB\\public\\index.php')
CRITICAL - 2023-07-26 03:18:14 --> Trying to access array offset on value of type null
in APPPATH\Views\CRUD\edit.php on line 12.
 1 APPPATH\Views\CRUD\edit.php(12): CodeIgniter\Debug\Exceptions->errorHandler(2, 'Trying to access array offset on value of type null', 'C:\\Users\\USER ID\\OneDrive\\Desktop\\BAB5WEB\\app\\Views\\CRUD\\edit.php', 12)
 2 SYSTEMPATH\View\View.php(213): include('C:\\Users\\USER ID\\OneDrive\\Desktop\\BAB5WEB\\app\\Views\\CRUD\\edit.php')
 3 SYSTEMPATH\View\View.php(216): CodeIgniter\View\View->CodeIgniter\View\{closure}()
 4 SYSTEMPATH\Common.php(1184): CodeIgniter\View\View->render('crud/edit', [], true)
 5 APPPATH\Controllers\Crud.php(65): view('crud/edit', [...])
 6 SYSTEMPATH\CodeIgniter.php(934): App\Controllers\Crud->edit('326021000035')
 7 SYSTEMPATH\CodeIgniter.php(499): CodeIgniter\CodeIgniter->runController(Object(App\Controllers\Crud))
 8 SYSTEMPATH\CodeIgniter.php(368): CodeIgniter\CodeIgniter->handleRequest(null, Object(Config\Cache), false)
 9 FCPATH\index.php(67): CodeIgniter\CodeIgniter->run()
10 SYSTEMPATH\Commands\Server\rewrite.php(47): require_once('C:\\Users\\USER ID\\OneDrive\\Desktop\\BAB5WEB\\public\\index.php')
